0 info it worked if it ends with ok
1 verbose cli [ '/usr/local/Cellar/node/5.10.1/bin/node',
1 verbose cli   '/usr/local/bin/npm',
1 verbose cli   'start' ]
2 info using npm@3.8.3
3 info using node@v5.10.1
4 verbose run-script [ 'prestart', 'start', 'poststart' ]
5 info lifecycle hogwatch-menubar@0.6.1~prestart: hogwatch-menubar@0.6.1
6 silly lifecycle hogwatch-menubar@0.6.1~prestart: no script for prestart, continuing
7 info lifecycle hogwatch-menubar@0.6.1~start: hogwatch-menubar@0.6.1
8 verbose lifecycle hogwatch-menubar@0.6.1~start: unsafe-perm in lifecycle true
9 verbose lifecycle hogwatch-menubar@0.6.1~start: PATH: /usr/local/lib/node_modules/npm/bin/node-gyp-bin:/Users/akshay/Documents/Programming/python/bandwidth_monitor/menubar/node_modules/.bin:/usr/local/Cellar/node/5.10.1/bin:/usr/local/sbin:/usr/local/bin:/usr/bin:/bin:/usr/sbin:/sbin:/Users/akshay/scripts:/usr/local/Cellar/nethogs/0.8.1/sbin:/usr/local/bin:/Users/akshay/Documents/Programming/testing/nethogs
10 verbose lifecycle hogwatch-menubar@0.6.1~start: CWD: /Users/akshay/Documents/Programming/python/bandwidth_monitor/menubar
11 silly lifecycle hogwatch-menubar@0.6.1~start: Args: [ '-c', 'electron .' ]
12 silly lifecycle hogwatch-menubar@0.6.1~start: Returned: code: 1  signal: null
13 info lifecycle hogwatch-menubar@0.6.1~start: Failed to exec start script
14 verbose stack Error: hogwatch-menubar@0.6.1 start: `electron .`
14 verbose stack Exit status 1
14 verbose stack     at EventEmitter.<anonymous> (/usr/local/lib/node_modules/npm/lib/utils/lifecycle.js:239:16)
14 verbose stack     at emitTwo (events.js:100:13)
14 verbose stack     at EventEmitter.emit (events.js:185:7)
14 verbose stack     at ChildProcess.<anonymous> (/usr/local/lib/node_modules/npm/lib/utils/spawn.js:24:14)
14 verbose stack     at emitTwo (events.js:100:13)
14 verbose stack     at ChildProcess.emit (events.js:185:7)
14 verbose stack     at maybeClose (internal/child_process.js:850:16)
14 verbose stack     at Process.ChildProcess._handle.onexit (internal/child_process.js:215:5)
15 verbose pkgid hogwatch-menubar@0.6.1
16 verbose cwd /Users/akshay/Documents/Programming/python/bandwidth_monitor/menubar
17 error Darwin 15.4.0
18 error argv "/usr/local/Cellar/node/5.10.1/bin/node" "/usr/local/bin/npm" "start"
19 error node v5.10.1
20 error npm  v3.8.3
21 error code ELIFECYCLE
22 error hogwatch-menubar@0.6.1 start: `electron .`
22 error Exit status 1
23 error Failed at the hogwatch-menubar@0.6.1 start script 'electron .'.
23 error Make sure you have the latest version of node.js and npm installed.
23 error If you do, this is most likely a problem with the hogwatch-menubar package,
23 error not with npm itself.
23 error Tell the author that this fails on your system:
23 error     electron .
23 error You can get information on how to open an issue for this project with:
23 error     npm bugs hogwatch-menubar
23 error Or if that isn't available, you can get their info via:
23 error     npm owner ls hogwatch-menubar
23 error There is likely additional logging output above.
24 verbose exit [ 1, true ]
